f:\csi5610\versioncontrolprototype\vs.proj\minivc\x64\release\vc143.pdb
f:\csi5610\versioncontrolprototype\vs.proj\minivc\x64\release\plugindefinition.obj
f:\csi5610\versioncontrolprototype\vs.proj\minivc\x64\release\nppplugindemo.obj
f:\csi5610\versioncontrolprototype\vs.proj\minivc\x64\release\staticdialog.obj
f:\csi5610\versioncontrolprototype\vs.proj\minivc\x64\release\gotolinedlg.obj
f:\csi5610\versioncontrolprototype\bin64\minivc.dll
f:\csi5610\versioncontrolprototype\vs.proj\minivc\x64\release\goline.res
f:\csi5610\versioncontrolprototype\vs.proj\minivc\x64\release\nppplugindemo.res
f:\csi5610\versioncontrolprototype\vs.proj\minivc.lib
f:\csi5610\versioncontrolprototype\vs.proj\minivc.exp
f:\csi5610\versioncontrolprototype\vs.proj\minivc\x64\release\minivc.ipdb
f:\csi5610\versioncontrolprototype\vs.proj\minivc\x64\release\minivc.iobj
f:\csi5610\versioncontrolprototype\vs.proj\minivc\x64\release\minivc.tlog\cl.command.1.tlog
f:\csi5610\versioncontrolprototype\vs.proj\minivc\x64\release\minivc.tlog\cl.items.tlog
f:\csi5610\versioncontrolprototype\vs.proj\minivc\x64\release\minivc.tlog\cl.read.1.tlog
f:\csi5610\versioncontrolprototype\vs.proj\minivc\x64\release\minivc.tlog\cl.write.1.tlog
f:\csi5610\versioncontrolprototype\vs.proj\minivc\x64\release\minivc.tlog\link.command.1.tlog
f:\csi5610\versioncontrolprototype\vs.proj\minivc\x64\release\minivc.tlog\link.read.1.tlog
f:\csi5610\versioncontrolprototype\vs.proj\minivc\x64\release\minivc.tlog\link.secondary.1.tlog
f:\csi5610\versioncontrolprototype\vs.proj\minivc\x64\release\minivc.tlog\link.write.1.tlog
f:\csi5610\versioncontrolprototype\vs.proj\minivc\x64\release\minivc.tlog\rc.command.1.tlog
f:\csi5610\versioncontrolprototype\vs.proj\minivc\x64\release\minivc.tlog\rc.read.1.tlog
f:\csi5610\versioncontrolprototype\vs.proj\minivc\x64\release\minivc.tlog\rc.write.1.tlog
